C:\cache\Research\CSAW_2013\FunForEveryBody\FunForEveryBody\Release\cl.command.1.tlog
C:\cache\Research\CSAW_2013\FunForEveryBody\FunForEveryBody\Release\CL.read.1.tlog
C:\cache\Research\CSAW_2013\FunForEveryBody\FunForEveryBody\Release\CL.write.1.tlog
C:\CACHE\RESEARCH\CSAW_2013\FUNFOREVERYBODY\FUNFOREVERYBODY\RELEASE\FUNFOREVERYBODY.EXE.INTERMEDIATE.MANIFEST
C:\cache\Research\CSAW_2013\FunForEveryBody\FunForEveryBody\Release\FunForEveryBody.vcxprojResolveAssemblyReference.cache
C:\cache\Research\CSAW_2013\FunForEveryBody\FunForEveryBody\Release\FunForEveryBody.write.1.tlog
C:\cache\Research\CSAW_2013\FunForEveryBody\FunForEveryBody\Release\link.command.1.tlog
C:\cache\Research\CSAW_2013\FunForEveryBody\FunForEveryBody\Release\link.read.1.tlog
C:\cache\Research\CSAW_2013\FunForEveryBody\FunForEveryBody\Release\link.write.1.tlog
C:\cache\Research\CSAW_2013\FunForEveryBody\FunForEveryBody\Release\link-cvtres.read.1.tlog
C:\cache\Research\CSAW_2013\FunForEveryBody\FunForEveryBody\Release\link-cvtres.write.1.tlog
C:\CACHE\RESEARCH\CSAW_2013\FUNFOREVERYBODY\FUNFOREVERYBODY\RELEASE\MAIN.OBJ
C:\CACHE\RESEARCH\CSAW_2013\FUNFOREVERYBODY\FUNFOREVERYBODY\RELEASE\MAINFORM.RES
C:\cache\Research\CSAW_2013\FunForEveryBody\FunForEveryBody\Release\mt.command.1.tlog
C:\cache\Research\CSAW_2013\FunForEveryBody\FunForEveryBody\Release\mt.read.1.tlog
C:\cache\Research\CSAW_2013\FunForEveryBody\FunForEveryBody\Release\mt.write.1.tlog
C:\cache\Research\CSAW_2013\FunForEveryBody\FunForEveryBody\Release\rc.command.1.tlog
C:\cache\Research\CSAW_2013\FunForEveryBody\FunForEveryBody\Release\rc.read.1.tlog
C:\cache\Research\CSAW_2013\FunForEveryBody\FunForEveryBody\Release\rc.write.1.tlog
C:\CACHE\RESEARCH\CSAW_2013\FUNFOREVERYBODY\FUNFOREVERYBODY\RELEASE\VC100.PDB
C:\CACHE\RESEARCH\CSAW_2013\FUNFOREVERYBODY\RELEASE\FUNFOREVERYBODY.EXE
