Build started 6/6/2014 9:50:27 AM.
     1>Project "C:\cache\Research\CSAW_2013\FunForEveryBody\FunForEveryBody\FunForEveryBody.vcxproj" on node 2 (rebuild target(s)).
     1>_PrepareForClean:
         Deleting file "Release\FunForEveryBody.lastbuildstate".
       InitializeBuildStatus:
         Creating "Release\FunForEveryBody.unsuccessfulbuild" because "AlwaysCreate" was specified.
       ClCompile:
         c:\Program Files (x86)\Microsoft Visual Studio 10.0\VC\bin\CL.exe /c /Zi /nologo /W3 /WX- /O2 /Oi /Oy- /GL /D WIN32 /D NDEBUG /D _WINDOWS /D _UNICODE /D UNICODE /Gm- /EHsc /MT /GS /Gy /fp:precise /Zc:wchar_t /Zc:forScope /Fo"Release\\" /Fd"Release\vc100.pdb" /Gd /TP /analyze- /errorReport:prompt main.cpp
         main.cpp
         _WIN32_WINNT not defined. Defaulting to _WIN32_WINNT_MAXVER (see WinSDKVer.h)
       ResourceCompile:
         c:\Program Files (x86)\Microsoft SDKs\Windows\v7.0A\bin\rc.exe /D _UNICODE /D UNICODE /l"0x0409" /nologo /fo"Release\mainForm.res" mainForm.rc 
       Link:
         c:\Program Files (x86)\Microsoft Visual Studio 10.0\VC\bin\link.exe /ERRORREPORT:PROMPT /OUT:"C:\cache\Research\CSAW_2013\FunForEveryBody\Release\FunForEveryBody.exe" /INCREMENTAL:NO /NOLOGO /MANIFEST /ManifestFile:"Release\FunForEveryBody.exe.intermediate.manifest" /MANIFESTUAC:"level='asInvoker' uiAccess='false'" /PDB:"C:\cache\Research\CSAW_2013\FunForEveryBody\Release\FunForEveryBody.pdb" /SUBSYSTEM:WINDOWS /OPT:REF /OPT:ICF /LTCG /TLBID:1 /ENTRY:"wWinMainCRTStartup" /DYNAMICBASE /NXCOMPAT /IMPLIB:"C:\cache\Research\CSAW_2013\FunForEveryBody\Release\FunForEveryBody.lib" /MACHINE:X86 Release\mainForm.res
         Release\main.obj
         Generating code
         Finished generating code
         FunForEveryBody.vcxproj -> C:\cache\Research\CSAW_2013\FunForEveryBody\Release\FunForEveryBody.exe
       Manifest:
         c:\Program Files (x86)\Microsoft SDKs\Windows\v7.0A\bin\mt.exe /nologo /verbose /outputresource:"C:\cache\Research\CSAW_2013\FunForEveryBody\Release\FunForEveryBody.exe;#1" /manifest Release\FunForEveryBody.exe.intermediate.manifest "c:\Program Files (x86)\Microsoft Visual Studio 10.0\VC\Include\Manifest\dpiaware.manifest"
       FinalizeBuildStatus:
         Deleting file "Release\FunForEveryBody.unsuccessfulbuild".
         Touching "Release\FunForEveryBody.lastbuildstate".
     1>Done Building Project "C:\cache\Research\CSAW_2013\FunForEveryBody\FunForEveryBody\FunForEveryBody.vcxproj" (rebuild target(s)).

Build succeeded.

Time Elapsed 00:00:08.59
